[00:02:42] [ServerMain/INFO]: Environment: Environment[sessionHost=https://sessionserver.mojang.com, servicesHost=https://api.minecraftservices.com, name=PROD]
[00:02:44] [ServerMain/INFO]: Loaded 1290 recipes
[00:02:44] [ServerMain/INFO]: Loaded 1399 advancements
[00:02:45] [Server thread/INFO]: Starting minecraft server version 1.21.1
[00:02:45] [Server thread/INFO]: Loading properties
[00:02:45] [Server thread/INFO]: Default game type: SURVIVAL
[00:02:45] [Server thread/INFO]: Generating keypair
[00:02:45] [Server thread/INFO]: Starting Minecraft server on *:25565
[00:02:45] [Server thread/INFO]: Using epoll channel type
[00:02:45] [Server thread/WARN]: **** SERVER IS RUNNING IN OFFLINE/INSECURE MODE!
[00:02:45] [Server thread/WARN]: The server will make no attempt to authenticate usernames. Beware.
[00:02:45] [Server thread/WARN]: While this makes the game possible to play without internet access, it also opens up the ability for hackers to connect with any username they choose.
[00:02:45] [Server thread/WARN]: To change this, set "online-mode" to "true" in the server.properties file.
[00:02:45] [Server thread/INFO]: Preparing level "world"
[00:02:49] [Server thread/INFO]: Preparing start region for dimension minecraft:overworld
[00:02:49] [Worker-Main-3/INFO]: Preparing spawn area: 0%
[00:02:49] [Worker-Main-3/INFO]: Preparing spawn area: 20%
[00:02:50] [Server thread/INFO]: Time elapsed: 690 ms
[00:02:50] [Server thread/INFO]: Done (4.577s)! For help, type "help"
[00:03:14] [Server thread/INFO]: Maycol_27x[/127.255.27.184:46953] logged in with entity id 7 at (279.5, 75.0, -51.5)
[00:03:14] [Server thread/INFO]: Maycol_27x joined the game
[00:04:12] [Server thread/INFO]: Maycol_27x lost connection: Disconnected
[00:04:12] [Server thread/INFO]: Maycol_27x left the game
[00:04:22] [Server thread/INFO]: Maycol_27x[/127.255.27.184:56919] logged in with entity id 301 at (282.3077453741081, 78.0, -48.30000001192093)
[00:04:22] [Server thread/INFO]: Maycol_27x joined the game
[00:04:44] [Server thread/INFO]: Jmat_2[/127.31.58.135:54777] logged in with entity id 487 at (284.62449903043967, 72.0, -41.45164601653771)
[00:04:44] [Server thread/INFO]: Jmat_2 joined the game
[00:05:06] [Server thread/INFO]: Unknown or incomplete command, see below for error
[00:05:06] [Server thread/INFO]: A/op Jmat_2<--[HERE]
[00:05:14] [Server thread/INFO]: Made Jmat_2 a server operator
[00:05:22] [Server thread/INFO]: [Jmat_2: The difficulty has been set to Hard]
[00:05:25] [Server thread/WARN]: Mismatch in destroy block pos: jd{x=282, y=72, z=-48} jd{x=282, y=71, z=-48}
[00:05:51] [Server thread/INFO]: Jmat_2 has made the advancement [Stone Age]
[00:05:54] [Server thread/INFO]: Jmat_2 has made the advancement [Getting an Upgrade]
[00:06:00] [Server thread/INFO]: Maycol_27x has made the advancement [Stone Age]
[00:06:13] [Server thread/INFO]: [Not Secure] <Jmat_2> estás mute?
[00:06:35] [Server thread/INFO]: Maycol_27x has made the advancement [Getting an Upgrade]
[00:08:49] [Server thread/INFO]: Maycol_27x lost connection: Disconnected
[00:08:49] [Server thread/INFO]: Maycol_27x left the game
[00:08:57] [Server thread/INFO]: Maycol_27x[/127.255.27.184:52057] logged in with entity id 1288 at (285.69999998807907, 72.0, -58.635950134284634)
[00:08:57] [Server thread/INFO]: Maycol_27x joined the game
[00:09:17] [Server thread/WARN]: Mismatch in destroy block pos: jd{x=0, y=0, z=0} jd{x=286, y=74, z=-59}
[00:09:22] [Server thread/WARN]: Mismatch in destroy block pos: jd{x=0, y=0, z=0} jd{x=286, y=71, z=-58}
[00:09:22] [Server thread/WARN]: Mismatch in destroy block pos: jd{x=0, y=0, z=0} jd{x=286, y=72, z=-59}
[00:09:23] [Server thread/WARN]: Mismatch in destroy block pos: jd{x=0, y=0, z=0} jd{x=286, y=73, z=-59}
[00:09:24] [Server thread/WARN]: Mismatch in destroy block pos: jd{x=0, y=0, z=0} jd{x=286, y=72, z=-59}
[00:09:30] [Server thread/WARN]: Mismatch in destroy block pos: jd{x=0, y=0, z=0} jd{x=286, y=72, z=-59}
[00:09:30] [Server thread/WARN]: Mismatch in destroy block pos: jd{x=0, y=0, z=0} jd{x=286, y=73, z=-59}
[00:09:30] [Server thread/WARN]: Mismatch in destroy block pos: jd{x=0, y=0, z=0} jd{x=286, y=72, z=-59}
[00:09:31] [Server thread/WARN]: Mismatch in destroy block pos: jd{x=0, y=0, z=0} jd{x=286, y=71, z=-58}
[00:09:31] [Server thread/WARN]: Mismatch in destroy block pos: jd{x=0, y=0, z=0} jd{x=286, y=72, z=-59}
[00:09:32] [Server thread/WARN]: Mismatch in destroy block pos: jd{x=0, y=0, z=0} jd{x=286, y=73, z=-59}
[00:09:43] [Server thread/INFO]: Maycol_27x lost connection: Disconnected
[00:09:43] [Server thread/INFO]: Maycol_27x left the game
[00:09:49] [Server thread/INFO]: Maycol_27x[/127.255.27.184:48527] logged in with entity id 1519 at (286.055298725438, 72.0, -59.87245620420953)
[00:09:49] [Server thread/INFO]: Maycol_27x joined the game
[00:10:07] [Server thread/WARN]: Mismatch in destroy block pos: jd{x=0, y=0, z=0} jd{x=289, y=73, z=-51}
[00:11:50] [Server thread/INFO]: Jmat_2 has made the advancement [Acquire Hardware]
